<?xml version="1.0" encoding="UTF-8"?>
<!-- Generated by org.testng.reporters.JUnitXMLReporter -->
<testsuite ignored="0" hostname="CNPGBGOKCEMU" failures="0" tests="9" name="SauceDemoTests" time="23.092" errors="0" timestamp="2022-03-11T15:29:38 TRT">
  <testcase classname="cart.CartTests" name="testAddProductToCartandRemoveFromCart" time="2.03"/>
  <testcase classname="cart.CartTests" name="testResetProductsInCart" time="1.2"/>
  <testcase classname="cart.CartTests" name="testSwitchCartPageSuccessful" time="0.109"/>
  <testcase classname="checkout.CheckOutOrderTests" name="testAddProducttoCartandCheckout" time="1.348"/>
  <testcase classname="login.LoginTests" name="testInvalidPassword" time="0.478"/>
  <testcase classname="login.LoginTests" name="testInvalidUsername" time="0.31"/>
  <testcase classname="login.LoginTests" name="testNullUsernameandPassword" time="0.281"/>
  <testcase classname="login.LoginTests" name="testSuccesfulLogin" time="0.5"/>
  <testcase classname="product.ProductTests" name="testAddProducttoCart" time="0.909"/>
</testsuite> <!-- SauceDemoTests -->
