<?xml version="1.0" encoding="UTF-8"?>
<!-- Generated by org.testng.reporters.JUnitXMLReporter -->
<testsuite ignored="0" hostname="CNPGBGOKCEMU" failures="0" tests="9" name="SauceDemoTests" time="29.319" errors="0" timestamp="2022-03-11T15:13:51 TRT">
  <testcase classname="cart.CartTests" name="testAddProductToCartandRemoveFromCart" time="0.886"/>
  <testcase classname="cart.CartTests" name="testResetProductsInCart" time="2.412"/>
  <testcase classname="cart.CartTests" name="testSwitchCartPageSuccessful" time="0.086"/>
  <testcase classname="checkout.CheckOutOrderTests" name="testAddProducttoCartandCheckout" time="0.829"/>
  <testcase classname="login.LoginTests" name="testInvalidPassword" time="0.372"/>
  <testcase classname="login.LoginTests" name="testInvalidUsername" time="0.281"/>
  <testcase classname="login.LoginTests" name="testNullUsernameandPassword" time="0.199"/>
  <testcase classname="login.LoginTests" name="testSuccesfulLogin" time="0.591"/>
  <testcase classname="product.ProductTests" name="testAddProducttoCart" time="0.568"/>
</testsuite> <!-- SauceDemoTests -->
