<?xml version="1.0" encoding="UTF-8"?>
<testng-results ignored="0" total="9" passed="9" failed="0" skipped="0">
  <reporter-output>
  </reporter-output>
  <suite started-at="2022-03-11T15:13:22 TRT" name="SauceDemo-Suite" finished-at="2022-03-11T15:13:51 TRT" duration-ms="29319">
    <groups>
    </groups>
    <test started-at="2022-03-11T15:13:22 TRT" name="SauceDemoTests" finished-at="2022-03-11T15:13:51 TRT" duration-ms="29319">
      <class name="login.LoginTests">
        <test-method is-config="true" signature="setUp()[pri:0, instance:login.LoginTests@6580cfdd]" started-at="2022-03-11T15:13:40 TRT" name="setUp" finished-at="2022-03-11T15:13:45 TRT" duration-ms="4670" status="PASS">
          <reporter-output>
          </reporter-output>
        </test-method> <!-- setUp -->
        <test-method is-config="true" signature="goLogin()[pri:0, instance:login.LoginTests@6580cfdd]" started-at="2022-03-11T15:13:45 TRT" name="goLogin" finished-at="2022-03-11T15:13:45 TRT" duration-ms="207" status="PASS">
          <reporter-output>
          </reporter-output>
        </test-method> <!-- goLogin -->
        <test-method signature="testInvalidPassword()[pri:0, instance:login.LoginTests@6580cfdd]" started-at="2022-03-11T15:13:45 TRT" name="testInvalidPassword" finished-at="2022-03-11T15:13:46 TRT" duration-ms="372" status="PASS">
          <reporter-output>
          </reporter-output>
        </test-method> <!-- testInvalidPassword -->
        <test-method is-config="true" signature="goLogin()[pri:0, instance:login.LoginTests@6580cfdd]" started-at="2022-03-11T15:13:46 TRT" name="goLogin" finished-at="2022-03-11T15:13:46 TRT" duration-ms="143" status="PASS">
          <reporter-output>
          </reporter-output>
        </test-method> <!-- goLogin -->
        <test-method signature="testInvalidUsername()[pri:0, instance:login.LoginTests@6580cfdd]" started-at="2022-03-11T15:13:46 TRT" name="testInvalidUsername" finished-at="2022-03-11T15:13:46 TRT" duration-ms="281" status="PASS">
          <reporter-output>
          </reporter-output>
        </test-method> <!-- testInvalidUsername -->
        <test-method is-config="true" signature="goLogin()[pri:0, instance:login.LoginTests@6580cfdd]" started-at="2022-03-11T15:13:46 TRT" name="goLogin" finished-at="2022-03-11T15:13:46 TRT" duration-ms="150" status="PASS">
          <reporter-output>
          </reporter-output>
        </test-method> <!-- goLogin -->
        <test-method signature="testNullUsernameandPassword()[pri:0, instance:login.LoginTests@6580cfdd]" started-at="2022-03-11T15:13:46 TRT" name="testNullUsernameandPassword" finished-at="2022-03-11T15:13:46 TRT" duration-ms="199" status="PASS">
          <reporter-output>
          </reporter-output>
        </test-method> <!-- testNullUsernameandPassword -->
        <test-method is-config="true" signature="goLogin()[pri:0, instance:login.LoginTests@6580cfdd]" started-at="2022-03-11T15:13:46 TRT" name="goLogin" finished-at="2022-03-11T15:13:47 TRT" duration-ms="131" status="PASS">
          <reporter-output>
          </reporter-output>
        </test-method> <!-- goLogin -->
        <test-method signature="testSuccesfulLogin()[pri:0, instance:login.LoginTests@6580cfdd]" started-at="2022-03-11T15:13:47 TRT" name="testSuccesfulLogin" finished-at="2022-03-11T15:13:47 TRT" duration-ms="591" status="PASS">
          <reporter-output>
          </reporter-output>
        </test-method> <!-- testSuccesfulLogin -->
        <test-method is-config="true" signature="tearDown()[pri:0, instance:login.LoginTests@6580cfdd]" started-at="2022-03-11T15:13:47 TRT" name="tearDown" finished-at="2022-03-11T15:13:48 TRT" duration-ms="581" status="PASS">
          <reporter-output>
          </reporter-output>
        </test-method> <!-- tearDown -->
      </class> <!-- login.LoginTests -->
      <class name="product.ProductTests">
        <test-method is-config="true" signature="setUp()[pri:0, instance:product.ProductTests@7e0b85f9]" started-at="2022-03-11T15:13:48 TRT" name="setUp" finished-at="2022-03-11T15:13:50 TRT" duration-ms="2616" status="PASS">
          <reporter-output>
          </reporter-output>
        </test-method> <!-- setUp -->
        <test-method signature="testAddProducttoCart()[pri:0, instance:product.ProductTests@7e0b85f9]" started-at="2022-03-11T15:13:50 TRT" name="testAddProducttoCart" finished-at="2022-03-11T15:13:51 TRT" duration-ms="568" status="PASS">
          <reporter-output>
          </reporter-output>
        </test-method> <!-- testAddProducttoCart -->
        <test-method is-config="true" signature="tearDown()[pri:0, instance:product.ProductTests@7e0b85f9]" started-at="2022-03-11T15:13:51 TRT" name="tearDown" finished-at="2022-03-11T15:13:51 TRT" duration-ms="614" status="PASS">
          <reporter-output>
          </reporter-output>
        </test-method> <!-- tearDown -->
      </class> <!-- product.ProductTests -->
      <class name="cart.CartTests">
        <test-method is-config="true" signature="setUp()[pri:0, instance:cart.CartTests@654f0d9c]" started-at="2022-03-11T15:13:22 TRT" name="setUp" finished-at="2022-03-11T15:13:29 TRT" duration-ms="6971" status="PASS">
          <reporter-output>
          </reporter-output>
        </test-method> <!-- setUp -->
        <test-method signature="testAddProductToCartandRemoveFromCart()[pri:0, instance:cart.CartTests@654f0d9c]" started-at="2022-03-11T15:13:29 TRT" name="testAddProductToCartandRemoveFromCart" finished-at="2022-03-11T15:13:30 TRT" duration-ms="886" status="PASS">
          <reporter-output>
          </reporter-output>
        </test-method> <!-- testAddProductToCartandRemoveFromCart -->
        <test-method signature="testResetProductsInCart()[pri:0, instance:cart.CartTests@654f0d9c]" started-at="2022-03-11T15:13:30 TRT" name="testResetProductsInCart" finished-at="2022-03-11T15:13:32 TRT" duration-ms="2412" status="PASS">
          <reporter-output>
          </reporter-output>
        </test-method> <!-- testResetProductsInCart -->
        <test-method signature="testSwitchCartPageSuccessful()[pri:0, instance:cart.CartTests@654f0d9c]" started-at="2022-03-11T15:13:32 TRT" name="testSwitchCartPageSuccessful" finished-at="2022-03-11T15:13:33 TRT" duration-ms="86" status="PASS">
          <reporter-output>
          </reporter-output>
        </test-method> <!-- testSwitchCartPageSuccessful -->
        <test-method is-config="true" signature="tearDown()[pri:0, instance:cart.CartTests@654f0d9c]" started-at="2022-03-11T15:13:33 TRT" name="tearDown" finished-at="2022-03-11T15:13:33 TRT" duration-ms="523" status="PASS">
          <reporter-output>
          </reporter-output>
        </test-method> <!-- tearDown -->
      </class> <!-- cart.CartTests -->
      <class name="checkout.CheckOutOrderTests">
        <test-method is-config="true" signature="setUp()[pri:0, instance:checkout.CheckOutOrderTests@6a400542]" started-at="2022-03-11T15:13:33 TRT" name="setUp" finished-at="2022-03-11T15:13:39 TRT" duration-ms="5994" status="PASS">
          <reporter-output>
          </reporter-output>
        </test-method> <!-- setUp -->
        <test-method signature="testAddProducttoCartandCheckout()[pri:0, instance:checkout.CheckOutOrderTests@6a400542]" started-at="2022-03-11T15:13:39 TRT" name="testAddProducttoCartandCheckout" finished-at="2022-03-11T15:13:40 TRT" duration-ms="829" status="PASS">
          <reporter-output>
          </reporter-output>
        </test-method> <!-- testAddProducttoCartandCheckout -->
        <test-method is-config="true" signature="tearDown()[pri:0, instance:checkout.CheckOutOrderTests@6a400542]" started-at="2022-03-11T15:13:40 TRT" name="tearDown" finished-at="2022-03-11T15:13:40 TRT" duration-ms="437" status="PASS">
          <reporter-output>
          </reporter-output>
        </test-method> <!-- tearDown -->
      </class> <!-- checkout.CheckOutOrderTests -->
    </test> <!-- SauceDemoTests -->
  </suite> <!-- SauceDemo-Suite -->
</testng-results>
