<?xml version="1.0" encoding="UTF-8"?>
<testng-results ignored="0" total="9" passed="9" failed="0" skipped="0">
  <reporter-output>
  </reporter-output>
  <suite started-at="2022-03-11T15:29:15 TRT" name="SauceDemo-Suite" finished-at="2022-03-11T15:29:38 TRT" duration-ms="23092">
    <groups>
    </groups>
    <test started-at="2022-03-11T15:29:15 TRT" name="SauceDemoTests" finished-at="2022-03-11T15:29:38 TRT" duration-ms="23092">
      <class name="login.LoginTests">
        <test-method is-config="true" signature="setUp()[pri:0, instance:login.LoginTests@6580cfdd]" started-at="2022-03-11T15:29:29 TRT" name="setUp" finished-at="2022-03-11T15:29:31 TRT" duration-ms="1967" status="PASS">
          <reporter-output>
          </reporter-output>
        </test-method> <!-- setUp -->
        <test-method is-config="true" signature="goLogin()[pri:0, instance:login.LoginTests@6580cfdd]" started-at="2022-03-11T15:29:31 TRT" name="goLogin" finished-at="2022-03-11T15:29:31 TRT" duration-ms="156" status="PASS">
          <reporter-output>
          </reporter-output>
        </test-method> <!-- goLogin -->
        <test-method signature="testInvalidPassword()[pri:0, instance:login.LoginTests@6580cfdd]" started-at="2022-03-11T15:29:31 TRT" name="testInvalidPassword" finished-at="2022-03-11T15:29:32 TRT" duration-ms="478" status="PASS">
          <reporter-output>
          </reporter-output>
        </test-method> <!-- testInvalidPassword -->
        <test-method is-config="true" signature="goLogin()[pri:0, instance:login.LoginTests@6580cfdd]" started-at="2022-03-11T15:29:32 TRT" name="goLogin" finished-at="2022-03-11T15:29:32 TRT" duration-ms="225" status="PASS">
          <reporter-output>
          </reporter-output>
        </test-method> <!-- goLogin -->
        <test-method signature="testInvalidUsername()[pri:0, instance:login.LoginTests@6580cfdd]" started-at="2022-03-11T15:29:32 TRT" name="testInvalidUsername" finished-at="2022-03-11T15:29:32 TRT" duration-ms="310" status="PASS">
          <reporter-output>
          </reporter-output>
        </test-method> <!-- testInvalidUsername -->
        <test-method is-config="true" signature="goLogin()[pri:0, instance:login.LoginTests@6580cfdd]" started-at="2022-03-11T15:29:32 TRT" name="goLogin" finished-at="2022-03-11T15:29:32 TRT" duration-ms="196" status="PASS">
          <reporter-output>
          </reporter-output>
        </test-method> <!-- goLogin -->
        <test-method signature="testNullUsernameandPassword()[pri:0, instance:login.LoginTests@6580cfdd]" started-at="2022-03-11T15:29:32 TRT" name="testNullUsernameandPassword" finished-at="2022-03-11T15:29:33 TRT" duration-ms="281" status="PASS">
          <reporter-output>
          </reporter-output>
        </test-method> <!-- testNullUsernameandPassword -->
        <test-method is-config="true" signature="goLogin()[pri:0, instance:login.LoginTests@6580cfdd]" started-at="2022-03-11T15:29:33 TRT" name="goLogin" finished-at="2022-03-11T15:29:33 TRT" duration-ms="117" status="PASS">
          <reporter-output>
          </reporter-output>
        </test-method> <!-- goLogin -->
        <test-method signature="testSuccesfulLogin()[pri:0, instance:login.LoginTests@6580cfdd]" started-at="2022-03-11T15:29:33 TRT" name="testSuccesfulLogin" finished-at="2022-03-11T15:29:33 TRT" duration-ms="500" status="PASS">
          <reporter-output>
          </reporter-output>
        </test-method> <!-- testSuccesfulLogin -->
        <test-method is-config="true" signature="tearDown()[pri:0, instance:login.LoginTests@6580cfdd]" started-at="2022-03-11T15:29:33 TRT" name="tearDown" finished-at="2022-03-11T15:29:34 TRT" duration-ms="585" status="PASS">
          <reporter-output>
          </reporter-output>
        </test-method> <!-- tearDown -->
      </class> <!-- login.LoginTests -->
      <class name="product.ProductTests">
        <test-method is-config="true" signature="setUp()[pri:0, instance:product.ProductTests@7e0b85f9]" started-at="2022-03-11T15:29:34 TRT" name="setUp" finished-at="2022-03-11T15:29:36 TRT" duration-ms="2553" status="PASS">
          <reporter-output>
          </reporter-output>
        </test-method> <!-- setUp -->
        <test-method signature="testAddProducttoCart()[pri:0, instance:product.ProductTests@7e0b85f9]" started-at="2022-03-11T15:29:36 TRT" name="testAddProducttoCart" finished-at="2022-03-11T15:29:37 TRT" duration-ms="909" status="PASS">
          <reporter-output>
          </reporter-output>
        </test-method> <!-- testAddProducttoCart -->
        <test-method is-config="true" signature="tearDown()[pri:0, instance:product.ProductTests@7e0b85f9]" started-at="2022-03-11T15:29:37 TRT" name="tearDown" finished-at="2022-03-11T15:29:38 TRT" duration-ms="524" status="PASS">
          <reporter-output>
          </reporter-output>
        </test-method> <!-- tearDown -->
      </class> <!-- product.ProductTests -->
      <class name="cart.CartTests">
        <test-method is-config="true" signature="setUp()[pri:0, instance:cart.CartTests@654f0d9c]" started-at="2022-03-11T15:29:15 TRT" name="setUp" finished-at="2022-03-11T15:29:21 TRT" duration-ms="5898" status="PASS">
          <reporter-output>
          </reporter-output>
        </test-method> <!-- setUp -->
        <test-method signature="testAddProductToCartandRemoveFromCart()[pri:0, instance:cart.CartTests@654f0d9c]" started-at="2022-03-11T15:29:21 TRT" name="testAddProductToCartandRemoveFromCart" finished-at="2022-03-11T15:29:23 TRT" duration-ms="2030" status="PASS">
          <reporter-output>
          </reporter-output>
        </test-method> <!-- testAddProductToCartandRemoveFromCart -->
        <test-method signature="testResetProductsInCart()[pri:0, instance:cart.CartTests@654f0d9c]" started-at="2022-03-11T15:29:23 TRT" name="testResetProductsInCart" finished-at="2022-03-11T15:29:24 TRT" duration-ms="1200" status="PASS">
          <reporter-output>
          </reporter-output>
        </test-method> <!-- testResetProductsInCart -->
        <test-method signature="testSwitchCartPageSuccessful()[pri:0, instance:cart.CartTests@654f0d9c]" started-at="2022-03-11T15:29:24 TRT" name="testSwitchCartPageSuccessful" finished-at="2022-03-11T15:29:24 TRT" duration-ms="109" status="PASS">
          <reporter-output>
          </reporter-output>
        </test-method> <!-- testSwitchCartPageSuccessful -->
        <test-method is-config="true" signature="tearDown()[pri:0, instance:cart.CartTests@654f0d9c]" started-at="2022-03-11T15:29:24 TRT" name="tearDown" finished-at="2022-03-11T15:29:25 TRT" duration-ms="622" status="PASS">
          <reporter-output>
          </reporter-output>
        </test-method> <!-- tearDown -->
      </class> <!-- cart.CartTests -->
      <class name="checkout.CheckOutOrderTests">
        <test-method is-config="true" signature="setUp()[pri:0, instance:checkout.CheckOutOrderTests@6a400542]" started-at="2022-03-11T15:29:25 TRT" name="setUp" finished-at="2022-03-11T15:29:27 TRT" duration-ms="2515" status="PASS">
          <reporter-output>
          </reporter-output>
        </test-method> <!-- setUp -->
        <test-method signature="testAddProducttoCartandCheckout()[pri:0, instance:checkout.CheckOutOrderTests@6a400542]" started-at="2022-03-11T15:29:27 TRT" name="testAddProducttoCartandCheckout" finished-at="2022-03-11T15:29:28 TRT" duration-ms="1348" status="PASS">
          <reporter-output>
          </reporter-output>
        </test-method> <!-- testAddProducttoCartandCheckout -->
        <test-method is-config="true" signature="tearDown()[pri:0, instance:checkout.CheckOutOrderTests@6a400542]" started-at="2022-03-11T15:29:28 TRT" name="tearDown" finished-at="2022-03-11T15:29:29 TRT" duration-ms="511" status="PASS">
          <reporter-output>
          </reporter-output>
        </test-method> <!-- tearDown -->
      </class> <!-- checkout.CheckOutOrderTests -->
    </test> <!-- SauceDemoTests -->
  </suite> <!-- SauceDemo-Suite -->
</testng-results>
